v ATLAS
# This file was created by ATLAS version 5.30.0.R on Wed Feb 25 15:57:25 2026.
#SSF 2.0 generic
##############################################################################
#                    Copyright (c) 1984 - 2020                               #
#                    Silvaco Inc. All rights reserved                        #
#                                                                            #
# This file format and the following Key are copyright Silvaco Inc.          #
# You may not use, this format or key without reproducing this message in    #
# full and obtaining express written permission from Silvaco Inc.            #
#                                                                            #
# To obtain such permission please contact: Silvaco Inc.                     #
#                                           support@silvaco.com              #
#                                                                            #
# KEY=SVC86hn7562asdx                       PROD=345                         #
##############################################################################
y 1 15
z 300
f 5 "Source" "Gate" "Drain" "#4" "#5" 
p 15 2 601 20 3 602 21 4 603 22 5 604 23 6 605 24 
d 0.000000000e+00 0.000000000e+00 -1.330819943e-07 0.000000000e+00 0.000000000e+00 0.000000000e+00 2.500000000e+00 2.500000000e+00 1.330819943e-07 0.000000000e+00 0.000000000e+00 0.000000000e+00 0.000000000e+00 0.000000000e+00 0.000000000e+00 
d 0.000000000e+00 0.000000000e+00 -5.794359641e-07 0.000000000e+00 0.000000000e+00 0.000000000e+00 5.000000000e+00 5.000000000e+00 5.794359641e-07 0.000000000e+00 0.000000000e+00 0.000000000e+00 0.000000000e+00 0.000000000e+00 0.000000000e+00 
d 0.000000000e+00 0.000000000e+00 -1.789735269e-07 -2.000000000e+00 -2.000000000e+00 0.000000000e+00 5.000000000e+00 5.000000000e+00 1.789735269e-07 0.000000000e+00 0.000000000e+00 0.000000000e+00 0.000000000e+00 0.000000000e+00 0.000000000e+00 
d 0.000000000e+00 0.000000000e+00 -1.834544222e-07 -1.750000000e+00 -1.750000000e+00 0.000000000e+00 5.000000000e+00 5.000000000e+00 1.834544222e-07 0.000000000e+00 0.000000000e+00 0.000000000e+00 0.000000000e+00 0.000000000e+00 0.000000000e+00 
d 0.000000000e+00 0.000000000e+00 -1.890040601e-07 -1.500000000e+00 -1.500000000e+00 0.000000000e+00 5.000000000e+00 5.000000000e+00 1.890040602e-07 0.000000000e+00 0.000000000e+00 0.000000000e+00 0.000000000e+00 0.000000000e+00 0.000000000e+00 
d 0.000000000e+00 0.000000000e+00 -1.976372997e-07 -1.250000000e+00 -1.250000000e+00 0.000000000e+00 5.000000000e+00 5.000000000e+00 1.976372998e-07 0.000000000e+00 0.000000000e+00 0.000000000e+00 0.000000000e+00 0.000000000e+00 0.000000000e+00 
d 0.000000000e+00 0.000000000e+00 -2.092340067e-07 -1.000000000e+00 -1.000000000e+00 0.000000000e+00 5.000000000e+00 5.000000000e+00 2.092340066e-07 0.000000000e+00 0.000000000e+00 0.000000000e+00 0.000000000e+00 0.000000000e+00 0.000000000e+00 
d 0.000000000e+00 0.000000000e+00 -2.289057919e-07 -7.500000000e-01 -7.500000000e-01 0.000000000e+00 5.000000000e+00 5.000000000e+00 2.289057918e-07 0.000000000e+00 0.000000000e+00 0.000000000e+00 0.000000000e+00 0.000000000e+00 0.000000000e+00 
d 0.000000000e+00 0.000000000e+00 -2.727943512e-07 -5.000000000e-01 -5.000000000e-01 0.000000000e+00 5.000000000e+00 5.000000000e+00 2.727943512e-07 0.000000000e+00 0.000000000e+00 0.000000000e+00 0.000000000e+00 0.000000000e+00 0.000000000e+00 
d 0.000000000e+00 0.000000000e+00 -3.858421924e-07 -2.500000000e-01 -2.500000000e-01 0.000000000e+00 5.000000000e+00 5.000000000e+00 3.858421923e-07 0.000000000e+00 0.000000000e+00 0.000000000e+00 0.000000000e+00 0.000000000e+00 0.000000000e+00 
d 0.000000000e+00 0.000000000e+00 -5.794360242e-07 2.755347730e-16 2.755347730e-16 0.000000000e+00 5.000000000e+00 5.000000000e+00 5.794360241e-07 0.000000000e+00 0.000000000e+00 0.000000000e+00 0.000000000e+00 0.000000000e+00 0.000000000e+00 
d 0.000000000e+00 0.000000000e+00 -8.708932748e-07 2.500000000e-01 2.500000000e-01 0.000000000e+00 5.000000000e+00 5.000000000e+00 8.708932749e-07 0.000000000e+00 0.000000000e+00 0.000000000e+00 0.000000000e+00 0.000000000e+00 0.000000000e+00 
d 0.000000000e+00 0.000000000e+00 -1.288380880e-06 5.000000000e-01 5.000000000e-01 0.000000000e+00 5.000000000e+00 5.000000000e+00 1.288380880e-06 0.000000000e+00 0.000000000e+00 0.000000000e+00 0.000000000e+00 0.000000000e+00 0.000000000e+00 
d 0.000000000e+00 0.000000000e+00 -1.828563455e-06 7.500000000e-01 7.500000000e-01 0.000000000e+00 5.000000000e+00 5.000000000e+00 1.828563455e-06 0.000000000e+00 0.000000000e+00 0.000000000e+00 0.000000000e+00 0.000000000e+00 0.000000000e+00 
d 0.000000000e+00 0.000000000e+00 -2.480509641e-06 1.000000000e+00 1.000000000e+00 0.000000000e+00 5.000000000e+00 5.000000000e+00 2.480509641e-06 0.000000000e+00 0.000000000e+00 0.000000000e+00 0.000000000e+00 0.000000000e+00 0.000000000e+00 
d 0.000000000e+00 0.000000000e+00 -3.231438123e-06 1.250000000e+00 1.250000000e+00 0.000000000e+00 5.000000000e+00 5.000000000e+00 3.231438123e-06 0.000000000e+00 0.000000000e+00 0.000000000e+00 0.000000000e+00 0.000000000e+00 0.000000000e+00 
d 0.000000000e+00 0.000000000e+00 -4.069481385e-06 1.500000000e+00 1.500000000e+00 0.000000000e+00 5.000000000e+00 5.000000000e+00 4.069481385e-06 0.000000000e+00 0.000000000e+00 0.000000000e+00 0.000000000e+00 0.000000000e+00 0.000000000e+00 
d 0.000000000e+00 0.000000000e+00 -4.984627167e-06 1.750000000e+00 1.750000000e+00 0.000000000e+00 5.000000000e+00 5.000000000e+00 4.984627167e-06 0.000000000e+00 0.000000000e+00 0.000000000e+00 0.000000000e+00 0.000000000e+00 0.000000000e+00 
d 0.000000000e+00 0.000000000e+00 -5.968269160e-06 2.000000000e+00 2.000000000e+00 0.000000000e+00 5.000000000e+00 5.000000000e+00 5.968269160e-06 0.000000000e+00 0.000000000e+00 0.000000000e+00 0.000000000e+00 0.000000000e+00 0.000000000e+00 
d 0.000000000e+00 0.000000000e+00 -7.012434292e-06 2.250000000e+00 2.250000000e+00 0.000000000e+00 5.000000000e+00 5.000000000e+00 7.012434292e-06 0.000000000e+00 0.000000000e+00 0.000000000e+00 0.000000000e+00 0.000000000e+00 0.000000000e+00 
d 0.000000000e+00 0.000000000e+00 -8.109667780e-06 2.500000000e+00 2.500000000e+00 0.000000000e+00 5.000000000e+00 5.000000000e+00 8.109667780e-06 0.000000000e+00 0.000000000e+00 0.000000000e+00 0.000000000e+00 0.000000000e+00 0.000000000e+00 
d 0.000000000e+00 0.000000000e+00 -9.252738644e-06 2.750000000e+00 2.750000000e+00 0.000000000e+00 5.000000000e+00 5.000000000e+00 9.252738645e-06 0.000000000e+00 0.000000000e+00 0.000000000e+00 0.000000000e+00 0.000000000e+00 0.000000000e+00 
d 0.000000000e+00 0.000000000e+00 -1.043552341e-05 3.000000000e+00 3.000000000e+00 0.000000000e+00 5.000000000e+00 5.000000000e+00 1.043552341e-05 0.000000000e+00 0.000000000e+00 0.000000000e+00 0.000000000e+00 0.000000000e+00 0.000000000e+00 
d 0.000000000e+00 0.000000000e+00 -1.165536883e-05 3.250000000e+00 3.250000000e+00 0.000000000e+00 5.000000000e+00 5.000000000e+00 1.165536883e-05 0.000000000e+00 0.000000000e+00 0.000000000e+00 0.000000000e+00 0.000000000e+00 0.000000000e+00 
d 0.000000000e+00 0.000000000e+00 -1.291128846e-05 3.500000000e+00 3.500000000e+00 0.000000000e+00 5.000000000e+00 5.000000000e+00 1.291128846e-05 0.000000000e+00 0.000000000e+00 0.000000000e+00 0.000000000e+00 0.000000000e+00 0.000000000e+00 
d 0.000000000e+00 0.000000000e+00 -1.420007637e-05 3.750000000e+00 3.750000000e+00 0.000000000e+00 5.000000000e+00 5.000000000e+00 1.420007637e-05 0.000000000e+00 0.000000000e+00 0.000000000e+00 0.000000000e+00 0.000000000e+00 0.000000000e+00 
d 0.000000000e+00 0.000000000e+00 -1.551775869e-05 4.000000000e+00 4.000000000e+00 0.000000000e+00 5.000000000e+00 5.000000000e+00 1.551775869e-05 0.000000000e+00 0.000000000e+00 0.000000000e+00 0.000000000e+00 0.000000000e+00 0.000000000e+00 
d 0.000000000e+00 0.000000000e+00 -1.686080774e-05 4.250000000e+00 4.250000000e+00 0.000000000e+00 5.000000000e+00 5.000000000e+00 1.686080774e-05 0.000000000e+00 0.000000000e+00 0.000000000e+00 0.000000000e+00 0.000000000e+00 0.000000000e+00 
d 0.000000000e+00 0.000000000e+00 -1.822611044e-05 4.500000000e+00 4.500000000e+00 0.000000000e+00 5.000000000e+00 5.000000000e+00 1.822611044e-05 0.000000000e+00 0.000000000e+00 0.000000000e+00 0.000000000e+00 0.000000000e+00 0.000000000e+00 
d 0.000000000e+00 0.000000000e+00 -1.961081940e-05 4.750000000e+00 4.750000000e+00 0.000000000e+00 5.000000000e+00 5.000000000e+00 1.961081940e-05 0.000000000e+00 0.000000000e+00 0.000000000e+00 0.000000000e+00 0.000000000e+00 0.000000000e+00 
d 0.000000000e+00 0.000000000e+00 -2.101227273e-05 5.000000000e+00 5.000000000e+00 0.000000000e+00 5.000000000e+00 5.000000000e+00 2.101227273e-05 0.000000000e+00 0.000000000e+00 0.000000000e+00 0.000000000e+00 0.000000000e+00 0.000000000e+00 
