v ATLAS
# This file was created by ATLAS version 5.30.0.R on Wed Feb 25 15:57:35 2026.
#SSF 2.0 generic
##############################################################################
#                    Copyright (c) 1984 - 2020                               #
#                    Silvaco Inc. All rights reserved                        #
#                                                                            #
# This file format and the following Key are copyright Silvaco Inc.          #
# You may not use, this format or key without reproducing this message in    #
# full and obtaining express written permission from Silvaco Inc.            #
#                                                                            #
# To obtain such permission please contact: Silvaco Inc.                     #
#                                           support@silvaco.com              #
#                                                                            #
# KEY=SVC86hn7562asdx                       PROD=345                         #
##############################################################################
y 1 15
z 300
f 5 "Source" "Gate" "Drain" "#4" "#5" 
p 15 2 601 20 3 602 21 4 603 22 5 604 23 6 605 24 
d 0.000000000e+00 0.000000000e+00 -1.043552341e-05 3.000000000e+00 3.000000000e+00 0.000000000e+00 5.000000000e+00 5.000000000e+00 1.043552341e-05 0.000000000e+00 0.000000000e+00 0.000000000e+00 0.000000000e+00 0.000000000e+00 0.000000000e+00 
d 0.000000000e+00 0.000000000e+00 -7.628438608e-06 3.000000000e+00 3.000000000e+00 0.000000000e+00 2.500000000e+00 2.500000000e+00 7.628438609e-06 0.000000000e+00 0.000000000e+00 0.000000000e+00 0.000000000e+00 0.000000000e+00 0.000000000e+00 
d 0.000000000e+00 0.000000000e+00 -5.354217597e-19 3.000000000e+00 3.000000000e+00 0.000000000e+00 0.000000000e+00 0.000000000e+00 2.620609053e-18 0.000000000e+00 0.000000000e+00 0.000000000e+00 0.000000000e+00 0.000000000e+00 0.000000000e+00 
d 0.000000000e+00 0.000000000e+00 -3.006322008e-07 3.000000000e+00 3.000000000e+00 0.000000000e+00 6.250000000e-02 6.250000000e-02 3.006322006e-07 0.000000000e+00 0.000000000e+00 0.000000000e+00 0.000000000e+00 0.000000000e+00 0.000000000e+00 
d 0.000000000e+00 0.000000000e+00 -5.952947509e-07 3.000000000e+00 3.000000000e+00 0.000000000e+00 1.250000000e-01 1.250000000e-01 5.952947510e-07 0.000000000e+00 0.000000000e+00 0.000000000e+00 0.000000000e+00 0.000000000e+00 0.000000000e+00 
d 0.000000000e+00 0.000000000e+00 -1.166910078e-06 3.000000000e+00 3.000000000e+00 0.000000000e+00 2.500000000e-01 2.500000000e-01 1.166910078e-06 0.000000000e+00 0.000000000e+00 0.000000000e+00 0.000000000e+00 0.000000000e+00 0.000000000e+00 
d 0.000000000e+00 0.000000000e+00 -2.240447227e-06 3.000000000e+00 3.000000000e+00 0.000000000e+00 5.000000000e-01 5.000000000e-01 2.240447227e-06 0.000000000e+00 0.000000000e+00 0.000000000e+00 0.000000000e+00 0.000000000e+00 0.000000000e+00 
d 0.000000000e+00 0.000000000e+00 -3.222279966e-06 3.000000000e+00 3.000000000e+00 0.000000000e+00 7.500000000e-01 7.500000000e-01 3.222279966e-06 0.000000000e+00 0.000000000e+00 0.000000000e+00 0.000000000e+00 0.000000000e+00 0.000000000e+00 
d 0.000000000e+00 0.000000000e+00 -4.112302958e-06 3.000000000e+00 3.000000000e+00 0.000000000e+00 1.000000000e+00 1.000000000e+00 4.112302958e-06 0.000000000e+00 0.000000000e+00 0.000000000e+00 0.000000000e+00 0.000000000e+00 0.000000000e+00 
d 0.000000000e+00 0.000000000e+00 -4.909688271e-06 3.000000000e+00 3.000000000e+00 0.000000000e+00 1.250000000e+00 1.250000000e+00 4.909688271e-06 0.000000000e+00 0.000000000e+00 0.000000000e+00 0.000000000e+00 0.000000000e+00 0.000000000e+00 
d 0.000000000e+00 0.000000000e+00 -5.614723837e-06 3.000000000e+00 3.000000000e+00 0.000000000e+00 1.500000000e+00 1.500000000e+00 5.614723836e-06 0.000000000e+00 0.000000000e+00 0.000000000e+00 0.000000000e+00 0.000000000e+00 0.000000000e+00 
d 0.000000000e+00 0.000000000e+00 -6.230375739e-06 3.000000000e+00 3.000000000e+00 0.000000000e+00 1.750000000e+00 1.750000000e+00 6.230375739e-06 0.000000000e+00 0.000000000e+00 0.000000000e+00 0.000000000e+00 0.000000000e+00 0.000000000e+00 
d 0.000000000e+00 0.000000000e+00 -6.763451372e-06 3.000000000e+00 3.000000000e+00 0.000000000e+00 2.000000000e+00 2.000000000e+00 6.763451372e-06 0.000000000e+00 0.000000000e+00 0.000000000e+00 0.000000000e+00 0.000000000e+00 0.000000000e+00 
d 0.000000000e+00 0.000000000e+00 -7.224934710e-06 3.000000000e+00 3.000000000e+00 0.000000000e+00 2.250000000e+00 2.250000000e+00 7.224934710e-06 0.000000000e+00 0.000000000e+00 0.000000000e+00 0.000000000e+00 0.000000000e+00 0.000000000e+00 
d 0.000000000e+00 0.000000000e+00 -7.628438652e-06 3.000000000e+00 3.000000000e+00 0.000000000e+00 2.500000000e+00 2.500000000e+00 7.628438652e-06 0.000000000e+00 0.000000000e+00 0.000000000e+00 0.000000000e+00 0.000000000e+00 0.000000000e+00 
d 0.000000000e+00 0.000000000e+00 -7.987523301e-06 3.000000000e+00 3.000000000e+00 0.000000000e+00 2.750000000e+00 2.750000000e+00 7.987523301e-06 0.000000000e+00 0.000000000e+00 0.000000000e+00 0.000000000e+00 0.000000000e+00 0.000000000e+00 
d 0.000000000e+00 0.000000000e+00 -8.313928379e-06 3.000000000e+00 3.000000000e+00 0.000000000e+00 3.000000000e+00 3.000000000e+00 8.313928379e-06 0.000000000e+00 0.000000000e+00 0.000000000e+00 0.000000000e+00 0.000000000e+00 0.000000000e+00 
d 0.000000000e+00 0.000000000e+00 -8.616878925e-06 3.000000000e+00 3.000000000e+00 0.000000000e+00 3.250000000e+00 3.250000000e+00 8.616878925e-06 0.000000000e+00 0.000000000e+00 0.000000000e+00 0.000000000e+00 0.000000000e+00 0.000000000e+00 
d 0.000000000e+00 0.000000000e+00 -8.903007641e-06 3.000000000e+00 3.000000000e+00 0.000000000e+00 3.500000000e+00 3.500000000e+00 8.903007641e-06 0.000000000e+00 0.000000000e+00 0.000000000e+00 0.000000000e+00 0.000000000e+00 0.000000000e+00 
d 0.000000000e+00 0.000000000e+00 -9.176818124e-06 3.000000000e+00 3.000000000e+00 0.000000000e+00 3.750000000e+00 3.750000000e+00 9.176818124e-06 0.000000000e+00 0.000000000e+00 0.000000000e+00 0.000000000e+00 0.000000000e+00 0.000000000e+00 
d 0.000000000e+00 0.000000000e+00 -9.441321177e-06 3.000000000e+00 3.000000000e+00 0.000000000e+00 4.000000000e+00 4.000000000e+00 9.441321177e-06 0.000000000e+00 0.000000000e+00 0.000000000e+00 0.000000000e+00 0.000000000e+00 0.000000000e+00 
d 0.000000000e+00 0.000000000e+00 -9.698503200e-06 3.000000000e+00 3.000000000e+00 0.000000000e+00 4.250000000e+00 4.250000000e+00 9.698503200e-06 0.000000000e+00 0.000000000e+00 0.000000000e+00 0.000000000e+00 0.000000000e+00 0.000000000e+00 
d 0.000000000e+00 0.000000000e+00 -9.949586262e-06 3.000000000e+00 3.000000000e+00 0.000000000e+00 4.500000000e+00 4.500000000e+00 9.949586262e-06 0.000000000e+00 0.000000000e+00 0.000000000e+00 0.000000000e+00 0.000000000e+00 0.000000000e+00 
d 0.000000000e+00 0.000000000e+00 -1.019519294e-05 3.000000000e+00 3.000000000e+00 0.000000000e+00 4.750000000e+00 4.750000000e+00 1.019519294e-05 0.000000000e+00 0.000000000e+00 0.000000000e+00 0.000000000e+00 0.000000000e+00 0.000000000e+00 
d 0.000000000e+00 0.000000000e+00 -1.043552341e-05 3.000000000e+00 3.000000000e+00 0.000000000e+00 5.000000000e+00 5.000000000e+00 1.043552341e-05 0.000000000e+00 0.000000000e+00 0.000000000e+00 0.000000000e+00 0.000000000e+00 0.000000000e+00 
