v ATLAS
# This file was created by ATLAS version 5.30.0.R on Wed Feb 25 15:57:30 2026.
#SSF 2.0 generic
##############################################################################
#                    Copyright (c) 1984 - 2020                               #
#                    Silvaco Inc. All rights reserved                        #
#                                                                            #
# This file format and the following Key are copyright Silvaco Inc.          #
# You may not use, this format or key without reproducing this message in    #
# full and obtaining express written permission from Silvaco Inc.            #
#                                                                            #
# To obtain such permission please contact: Silvaco Inc.                     #
#                                           support@silvaco.com              #
#                                                                            #
# KEY=SVC86hn7562asdx                       PROD=345                         #
##############################################################################
y 1 15
z 300
f 5 "Source" "Gate" "Drain" "#4" "#5" 
p 15 2 601 20 3 602 21 4 603 22 5 604 23 6 605 24 
d 0.000000000e+00 0.000000000e+00 -2.101227273e-05 5.000000000e+00 5.000000000e+00 0.000000000e+00 5.000000000e+00 5.000000000e+00 2.101227273e-05 0.000000000e+00 0.000000000e+00 0.000000000e+00 0.000000000e+00 0.000000000e+00 0.000000000e+00 
d 0.000000000e+00 0.000000000e+00 -1.486179144e-05 5.000000000e+00 5.000000000e+00 0.000000000e+00 2.500000000e+00 2.500000000e+00 1.486179144e-05 0.000000000e+00 0.000000000e+00 0.000000000e+00 0.000000000e+00 0.000000000e+00 0.000000000e+00 
d 0.000000000e+00 0.000000000e+00 1.769033484e-18 5.000000000e+00 5.000000000e+00 0.000000000e+00 0.000000000e+00 0.000000000e+00 -1.763118341e-18 0.000000000e+00 0.000000000e+00 0.000000000e+00 0.000000000e+00 0.000000000e+00 0.000000000e+00 
d 0.000000000e+00 0.000000000e+00 -4.803885230e-07 5.000000000e+00 5.000000000e+00 0.000000000e+00 6.250000000e-02 6.250000000e-02 4.803885227e-07 0.000000000e+00 0.000000000e+00 0.000000000e+00 0.000000000e+00 0.000000000e+00 0.000000000e+00 
d 0.000000000e+00 0.000000000e+00 -9.556415095e-07 5.000000000e+00 5.000000000e+00 0.000000000e+00 1.250000000e-01 1.250000000e-01 9.556415095e-07 0.000000000e+00 0.000000000e+00 0.000000000e+00 0.000000000e+00 0.000000000e+00 0.000000000e+00 
d 0.000000000e+00 0.000000000e+00 -1.891204478e-06 5.000000000e+00 5.000000000e+00 0.000000000e+00 2.500000000e-01 2.500000000e-01 1.891204478e-06 0.000000000e+00 0.000000000e+00 0.000000000e+00 0.000000000e+00 0.000000000e+00 0.000000000e+00 
d 0.000000000e+00 0.000000000e+00 -3.704230464e-06 5.000000000e+00 5.000000000e+00 0.000000000e+00 5.000000000e-01 5.000000000e-01 3.704230464e-06 0.000000000e+00 0.000000000e+00 0.000000000e+00 0.000000000e+00 0.000000000e+00 0.000000000e+00 
d 0.000000000e+00 0.000000000e+00 -5.438812989e-06 5.000000000e+00 5.000000000e+00 0.000000000e+00 7.500000000e-01 7.500000000e-01 5.438812989e-06 0.000000000e+00 0.000000000e+00 0.000000000e+00 0.000000000e+00 0.000000000e+00 0.000000000e+00 
d 0.000000000e+00 0.000000000e+00 -7.088937412e-06 5.000000000e+00 5.000000000e+00 0.000000000e+00 1.000000000e+00 1.000000000e+00 7.088937412e-06 0.000000000e+00 0.000000000e+00 0.000000000e+00 0.000000000e+00 0.000000000e+00 0.000000000e+00 
d 0.000000000e+00 0.000000000e+00 -8.646309738e-06 5.000000000e+00 5.000000000e+00 0.000000000e+00 1.250000000e+00 1.250000000e+00 8.646309738e-06 0.000000000e+00 0.000000000e+00 0.000000000e+00 0.000000000e+00 0.000000000e+00 0.000000000e+00 
d 0.000000000e+00 0.000000000e+00 -1.010334797e-05 5.000000000e+00 5.000000000e+00 0.000000000e+00 1.500000000e+00 1.500000000e+00 1.010334797e-05 0.000000000e+00 0.000000000e+00 0.000000000e+00 0.000000000e+00 0.000000000e+00 0.000000000e+00 
d 0.000000000e+00 0.000000000e+00 -1.145469042e-05 5.000000000e+00 5.000000000e+00 0.000000000e+00 1.750000000e+00 1.750000000e+00 1.145469042e-05 0.000000000e+00 0.000000000e+00 0.000000000e+00 0.000000000e+00 0.000000000e+00 0.000000000e+00 
d 0.000000000e+00 0.000000000e+00 -1.269770170e-05 5.000000000e+00 5.000000000e+00 0.000000000e+00 2.000000000e+00 2.000000000e+00 1.269770170e-05 0.000000000e+00 0.000000000e+00 0.000000000e+00 0.000000000e+00 0.000000000e+00 0.000000000e+00 
d 0.000000000e+00 0.000000000e+00 -1.383251227e-05 5.000000000e+00 5.000000000e+00 0.000000000e+00 2.250000000e+00 2.250000000e+00 1.383251227e-05 0.000000000e+00 0.000000000e+00 0.000000000e+00 0.000000000e+00 0.000000000e+00 0.000000000e+00 
d 0.000000000e+00 0.000000000e+00 -1.486179145e-05 5.000000000e+00 5.000000000e+00 0.000000000e+00 2.500000000e+00 2.500000000e+00 1.486179145e-05 0.000000000e+00 0.000000000e+00 0.000000000e+00 0.000000000e+00 0.000000000e+00 0.000000000e+00 
d 0.000000000e+00 0.000000000e+00 -1.579032997e-05 5.000000000e+00 5.000000000e+00 0.000000000e+00 2.750000000e+00 2.750000000e+00 1.579032997e-05 0.000000000e+00 0.000000000e+00 0.000000000e+00 0.000000000e+00 0.000000000e+00 0.000000000e+00 
d 0.000000000e+00 0.000000000e+00 -1.662464418e-05 5.000000000e+00 5.000000000e+00 0.000000000e+00 3.000000000e+00 3.000000000e+00 1.662464418e-05 0.000000000e+00 0.000000000e+00 0.000000000e+00 0.000000000e+00 0.000000000e+00 0.000000000e+00 
d 0.000000000e+00 0.000000000e+00 -1.737278030e-05 5.000000000e+00 5.000000000e+00 0.000000000e+00 3.250000000e+00 3.250000000e+00 1.737278030e-05 0.000000000e+00 0.000000000e+00 0.000000000e+00 0.000000000e+00 0.000000000e+00 0.000000000e+00 
d 0.000000000e+00 0.000000000e+00 -1.804415551e-05 5.000000000e+00 5.000000000e+00 0.000000000e+00 3.500000000e+00 3.500000000e+00 1.804415551e-05 0.000000000e+00 0.000000000e+00 0.000000000e+00 0.000000000e+00 0.000000000e+00 0.000000000e+00 
d 0.000000000e+00 0.000000000e+00 -1.864911787e-05 5.000000000e+00 5.000000000e+00 0.000000000e+00 3.750000000e+00 3.750000000e+00 1.864911787e-05 0.000000000e+00 0.000000000e+00 0.000000000e+00 0.000000000e+00 0.000000000e+00 0.000000000e+00 
d 0.000000000e+00 0.000000000e+00 -1.919817652e-05 5.000000000e+00 5.000000000e+00 0.000000000e+00 4.000000000e+00 4.000000000e+00 1.919817652e-05 0.000000000e+00 0.000000000e+00 0.000000000e+00 0.000000000e+00 0.000000000e+00 0.000000000e+00 
d 0.000000000e+00 0.000000000e+00 -1.970117502e-05 5.000000000e+00 5.000000000e+00 0.000000000e+00 4.250000000e+00 4.250000000e+00 1.970117502e-05 0.000000000e+00 0.000000000e+00 0.000000000e+00 0.000000000e+00 0.000000000e+00 0.000000000e+00 
d 0.000000000e+00 0.000000000e+00 -2.016670412e-05 5.000000000e+00 5.000000000e+00 0.000000000e+00 4.500000000e+00 4.500000000e+00 2.016670412e-05 0.000000000e+00 0.000000000e+00 0.000000000e+00 0.000000000e+00 0.000000000e+00 0.000000000e+00 
d 0.000000000e+00 0.000000000e+00 -2.060185806e-05 5.000000000e+00 5.000000000e+00 0.000000000e+00 4.750000000e+00 4.750000000e+00 2.060185806e-05 0.000000000e+00 0.000000000e+00 0.000000000e+00 0.000000000e+00 0.000000000e+00 0.000000000e+00 
d 0.000000000e+00 0.000000000e+00 -2.101227273e-05 5.000000000e+00 5.000000000e+00 0.000000000e+00 5.000000000e+00 5.000000000e+00 2.101227273e-05 0.000000000e+00 0.000000000e+00 0.000000000e+00 0.000000000e+00 0.000000000e+00 0.000000000e+00 
