v ATLAS
# This file was created by ATLAS version 5.30.0.R on Wed Feb 25 15:57:40 2026.
#SSF 2.0 generic
##############################################################################
#                    Copyright (c) 1984 - 2020                               #
#                    Silvaco Inc. All rights reserved                        #
#                                                                            #
# This file format and the following Key are copyright Silvaco Inc.          #
# You may not use, this format or key without reproducing this message in    #
# full and obtaining express written permission from Silvaco Inc.            #
#                                                                            #
# To obtain such permission please contact: Silvaco Inc.                     #
#                                           support@silvaco.com              #
#                                                                            #
# KEY=SVC86hn7562asdx                       PROD=345                         #
##############################################################################
y 1 15
z 300
f 5 "Source" "Gate" "Drain" "#4" "#5" 
p 15 2 601 20 3 602 21 4 603 22 5 604 23 6 605 24 
d 0.000000000e+00 0.000000000e+00 -2.480509651e-06 1.000000000e+00 1.000000000e+00 0.000000000e+00 5.000000000e+00 5.000000000e+00 2.480509651e-06 0.000000000e+00 0.000000000e+00 0.000000000e+00 0.000000000e+00 0.000000000e+00 0.000000000e+00 
d 0.000000000e+00 0.000000000e+00 -1.382284682e-06 1.000000000e+00 1.000000000e+00 0.000000000e+00 2.500000000e+00 2.500000000e+00 1.382284682e-06 0.000000000e+00 0.000000000e+00 0.000000000e+00 0.000000000e+00 0.000000000e+00 0.000000000e+00 
d 0.000000000e+00 0.000000000e+00 -5.329741127e-19 1.000000000e+00 1.000000000e+00 0.000000000e+00 0.000000000e+00 0.000000000e+00 1.199344832e-19 0.000000000e+00 0.000000000e+00 0.000000000e+00 0.000000000e+00 0.000000000e+00 0.000000000e+00 
d 0.000000000e+00 0.000000000e+00 -8.646740171e-08 1.000000000e+00 1.000000000e+00 0.000000000e+00 6.250000000e-02 6.250000000e-02 8.646740147e-08 0.000000000e+00 0.000000000e+00 0.000000000e+00 0.000000000e+00 0.000000000e+00 0.000000000e+00 
d 0.000000000e+00 0.000000000e+00 -1.658051992e-07 1.000000000e+00 1.000000000e+00 0.000000000e+00 1.250000000e-01 1.250000000e-01 1.658051992e-07 0.000000000e+00 0.000000000e+00 0.000000000e+00 0.000000000e+00 0.000000000e+00 0.000000000e+00 
d 0.000000000e+00 0.000000000e+00 -3.043094334e-07 1.000000000e+00 1.000000000e+00 0.000000000e+00 2.500000000e-01 2.500000000e-01 3.043094334e-07 0.000000000e+00 0.000000000e+00 0.000000000e+00 0.000000000e+00 0.000000000e+00 0.000000000e+00 
d 0.000000000e+00 0.000000000e+00 -5.127116092e-07 1.000000000e+00 1.000000000e+00 0.000000000e+00 5.000000000e-01 5.000000000e-01 5.127116092e-07 0.000000000e+00 0.000000000e+00 0.000000000e+00 0.000000000e+00 0.000000000e+00 0.000000000e+00 
d 0.000000000e+00 0.000000000e+00 -6.593995276e-07 1.000000000e+00 1.000000000e+00 0.000000000e+00 7.500000000e-01 7.500000000e-01 6.593995276e-07 0.000000000e+00 0.000000000e+00 0.000000000e+00 0.000000000e+00 0.000000000e+00 0.000000000e+00 
d 0.000000000e+00 0.000000000e+00 -7.776412855e-07 1.000000000e+00 1.000000000e+00 0.000000000e+00 1.000000000e+00 1.000000000e+00 7.776412855e-07 0.000000000e+00 0.000000000e+00 0.000000000e+00 0.000000000e+00 0.000000000e+00 0.000000000e+00 
d 0.000000000e+00 0.000000000e+00 -8.816460993e-07 1.000000000e+00 1.000000000e+00 0.000000000e+00 1.250000000e+00 1.250000000e+00 8.816460993e-07 0.000000000e+00 0.000000000e+00 0.000000000e+00 0.000000000e+00 0.000000000e+00 0.000000000e+00 
d 0.000000000e+00 0.000000000e+00 -9.795387932e-07 1.000000000e+00 1.000000000e+00 0.000000000e+00 1.500000000e+00 1.500000000e+00 9.795387932e-07 0.000000000e+00 0.000000000e+00 0.000000000e+00 0.000000000e+00 0.000000000e+00 0.000000000e+00 
d 0.000000000e+00 0.000000000e+00 -1.077535709e-06 1.000000000e+00 1.000000000e+00 0.000000000e+00 1.750000000e+00 1.750000000e+00 1.077535709e-06 0.000000000e+00 0.000000000e+00 0.000000000e+00 0.000000000e+00 0.000000000e+00 0.000000000e+00 
d 0.000000000e+00 0.000000000e+00 -1.177081527e-06 1.000000000e+00 1.000000000e+00 0.000000000e+00 2.000000000e+00 2.000000000e+00 1.177081527e-06 0.000000000e+00 0.000000000e+00 0.000000000e+00 0.000000000e+00 0.000000000e+00 0.000000000e+00 
d 0.000000000e+00 0.000000000e+00 -1.278610988e-06 1.000000000e+00 1.000000000e+00 0.000000000e+00 2.250000000e+00 2.250000000e+00 1.278610988e-06 0.000000000e+00 0.000000000e+00 0.000000000e+00 0.000000000e+00 0.000000000e+00 0.000000000e+00 
d 0.000000000e+00 0.000000000e+00 -1.382284693e-06 1.000000000e+00 1.000000000e+00 0.000000000e+00 2.500000000e+00 2.500000000e+00 1.382284693e-06 0.000000000e+00 0.000000000e+00 0.000000000e+00 0.000000000e+00 0.000000000e+00 0.000000000e+00 
d 0.000000000e+00 0.000000000e+00 -1.488140611e-06 1.000000000e+00 1.000000000e+00 0.000000000e+00 2.750000000e+00 2.750000000e+00 1.488140611e-06 0.000000000e+00 0.000000000e+00 0.000000000e+00 0.000000000e+00 0.000000000e+00 0.000000000e+00 
d 0.000000000e+00 0.000000000e+00 -1.596145507e-06 1.000000000e+00 1.000000000e+00 0.000000000e+00 3.000000000e+00 3.000000000e+00 1.596145507e-06 0.000000000e+00 0.000000000e+00 0.000000000e+00 0.000000000e+00 0.000000000e+00 0.000000000e+00 
d 0.000000000e+00 0.000000000e+00 -1.706206124e-06 1.000000000e+00 1.000000000e+00 0.000000000e+00 3.250000000e+00 3.250000000e+00 1.706206124e-06 0.000000000e+00 0.000000000e+00 0.000000000e+00 0.000000000e+00 0.000000000e+00 0.000000000e+00 
d 0.000000000e+00 0.000000000e+00 -1.818132261e-06 1.000000000e+00 1.000000000e+00 0.000000000e+00 3.500000000e+00 3.500000000e+00 1.818132261e-06 0.000000000e+00 0.000000000e+00 0.000000000e+00 0.000000000e+00 0.000000000e+00 0.000000000e+00 
d 0.000000000e+00 0.000000000e+00 -1.931499411e-06 1.000000000e+00 1.000000000e+00 0.000000000e+00 3.750000000e+00 3.750000000e+00 1.931499411e-06 0.000000000e+00 0.000000000e+00 0.000000000e+00 0.000000000e+00 0.000000000e+00 0.000000000e+00 
d 0.000000000e+00 0.000000000e+00 -2.045226079e-06 1.000000000e+00 1.000000000e+00 0.000000000e+00 4.000000000e+00 4.000000000e+00 2.045226079e-06 0.000000000e+00 0.000000000e+00 0.000000000e+00 0.000000000e+00 0.000000000e+00 0.000000000e+00 
d 0.000000000e+00 0.000000000e+00 -2.156931068e-06 1.000000000e+00 1.000000000e+00 0.000000000e+00 4.250000000e+00 4.250000000e+00 2.156931068e-06 0.000000000e+00 0.000000000e+00 0.000000000e+00 0.000000000e+00 0.000000000e+00 0.000000000e+00 
d 0.000000000e+00 0.000000000e+00 -2.265592887e-06 1.000000000e+00 1.000000000e+00 0.000000000e+00 4.500000000e+00 4.500000000e+00 2.265592887e-06 0.000000000e+00 0.000000000e+00 0.000000000e+00 0.000000000e+00 0.000000000e+00 0.000000000e+00 
d 0.000000000e+00 0.000000000e+00 -2.373050194e-06 1.000000000e+00 1.000000000e+00 0.000000000e+00 4.750000000e+00 4.750000000e+00 2.373050194e-06 0.000000000e+00 0.000000000e+00 0.000000000e+00 0.000000000e+00 0.000000000e+00 0.000000000e+00 
d 0.000000000e+00 0.000000000e+00 -2.480509650e-06 1.000000000e+00 1.000000000e+00 0.000000000e+00 5.000000000e+00 5.000000000e+00 2.480509650e-06 0.000000000e+00 0.000000000e+00 0.000000000e+00 0.000000000e+00 0.000000000e+00 0.000000000e+00 
